Command: vcs -o ../workspace/simv -full64 -sverilog -debug_acc+all -f ../sourcecode/rtl_list.txt \
-f ../sourcecode/tb_list.txt -l ../workspace/vcs_compile.log -Mdir=../workspace/csrc \
-fsdb +define+FSDB +incdir+../sourcecode/rtl/ -top tb_CAM_Top
                         Chronologic VCS (TM)
      Version Q-2020.03-SP2-7_Full64 -- Sun Mar 23 20:48:57 2025
               Copyright (c) 1991-2020 by Synopsys Inc.
                         ALL RIGHTS RESERVED

This program is proprietary and confidential information of Synopsys Inc.
and may be used and disclosed only as authorized in a license agreement
controlling such use and disclosure.

Parsing design file '../sourcecode/rtl/CAM_Top.v'
Parsing design file '../sourcecode/tb/tb_CAM_Top.v'
Top Level Modules:
       tb_CAM_Top
TimeScale is 1 ns / 1 ps
Starting vcs inline pass...

2 modules and 0 UDP read.
recompiling module CAM_Top
recompiling module tb_CAM_Top
Both modules done.
make[1]: Entering directory `/home/host/Desktop/project/CAM/workspace/csrc'
rm -f _cuarc*.so _csrc*.so pre_vcsobj_*.so share_vcsobj_*.so
if [ -x /home/host/Desktop/project/CAM/workspace/../workspace/simv ]; then chmod \
a-x /home/host/Desktop/project/CAM/workspace/../workspace/simv; fi
g++  -o /home/host/Desktop/project/CAM/workspace/../workspace/simv      -rdynamic \
-Wl,-rpath='$ORIGIN'/simv.daidir -Wl,-rpath=./simv.daidir -Wl,-rpath=/opt/synopsys/vcs/Q-2020.03-SP2-7/linux64/lib \
-L/opt/synopsys/vcs/Q-2020.03-SP2-7/linux64/lib  -Wl,-rpath-link=./  /usr/lib64/libnuma.so.1 \
objs/amcQw_d.o   _12598_archive_1.so  SIM_l.o      rmapats_mop.o rmapats.o rmar.o \
rmar_nd.o  rmar_llvm_0_1.o rmar_llvm_0_0.o          -lvirsim -lerrorinf -lsnpsmalloc \
-lvfs    -lvcsnew -lsimprofile -luclinative /opt/synopsys/vcs/Q-2020.03-SP2-7/linux64/lib/vcs_tls.o \
-Wl,-whole-archive  -lvcsucli    -Wl,-no-whole-archive        _vcs_pli_stub_.o   \
/opt/synopsys/vcs/Q-2020.03-SP2-7/linux64/lib/vcs_save_restore_new.o /opt/synopsys/verdi/R-2020.12-SP1/share/PLI/VCS/LINUX64/pli.a \
-ldl  -lc -lm -lpthread -ldl 
/home/host/Desktop/project/CAM/workspace/../workspace/simv up to date
make[1]: Leaving directory `/home/host/Desktop/project/CAM/workspace/csrc'
CPU time: 1.773 seconds to compile + .262 seconds to elab + .241 seconds to link
